timestamp: 2013-01-15T21:29:26.501559
CREATE TABLE blog(
    id INTEGER PRIMARY KEY AUTOINCREMENT,
    title CHAR(512) NOT NULL UNIQUE,
    description TEXT
);
success!
timestamp: 2013-01-15T21:29:26.672502
CREATE TABLE category(
    id INTEGER PRIMARY KEY AUTOINCREMENT,
    name CHAR(512)
);
success!
timestamp: 2013-01-15T21:29:26.829755
CREATE TABLE post(
    id INTEGER PRIMARY KEY AUTOINCREMENT,
    blog INTEGER REFERENCES blog (id) ON DELETE CASCADE,
    title CHAR(512) NOT NULL,
    slug CHAR(512),
    post_body TEXT,
    post_date TIMESTAMP,
    is_draft CHAR(1),
    tags TEXT,
    category TEXT
);
success!
timestamp: 2013-01-15T21:34:08.469709
CREATE TABLE blog(
    id INTEGER PRIMARY KEY AUTOINCREMENT,
    title CHAR(512) NOT NULL UNIQUE,
    description TEXT
);
success!
timestamp: 2013-01-15T21:34:08.774843
CREATE TABLE category(
    id INTEGER PRIMARY KEY AUTOINCREMENT,
    name CHAR(512)
);
success!
timestamp: 2013-01-15T21:34:08.967914
CREATE TABLE post(
    id INTEGER PRIMARY KEY AUTOINCREMENT,
    blog INTEGER REFERENCES blog (id) ON DELETE CASCADE,
    title CHAR(512) NOT NULL,
    slug CHAR(512),
    post_body TEXT,
    post_date TIMESTAMP,
    is_draft CHAR(1),
    tags TEXT,
    category TEXT
);
success!
timestamp: 2013-01-17T20:48:41.230103
CREATE TABLE auth_user(
    id INTEGER PRIMARY KEY AUTOINCREMENT,
    first_name CHAR(128),
    last_name CHAR(128),
    email CHAR(512),
    password CHAR(512),
    registration_key CHAR(512),
    reset_password_key CHAR(512),
    registration_id CHAR(512)
);
success!
timestamp: 2013-01-17T20:48:41.491451
CREATE TABLE auth_group(
    id INTEGER PRIMARY KEY AUTOINCREMENT,
    role CHAR(512),
    description TEXT
);
success!
timestamp: 2013-01-17T20:48:41.680988
CREATE TABLE auth_membership(
    id INTEGER PRIMARY KEY AUTOINCREMENT,
    user_id INTEGER REFERENCES auth_user (id) ON DELETE CASCADE,
    group_id INTEGER REFERENCES auth_group (id) ON DELETE CASCADE
);
success!
timestamp: 2013-01-17T20:48:41.882793
CREATE TABLE auth_permission(
    id INTEGER PRIMARY KEY AUTOINCREMENT,
    group_id INTEGER REFERENCES auth_group (id) ON DELETE CASCADE,
    name CHAR(512),
    table_name CHAR(512),
    record_id INTEGER
);
success!
timestamp: 2013-01-17T20:48:42.071930
CREATE TABLE auth_event(
    id INTEGER PRIMARY KEY AUTOINCREMENT,
    time_stamp TIMESTAMP,
    client_ip CHAR(512),
    user_id INTEGER REFERENCES auth_user (id) ON DELETE CASCADE,
    origin CHAR(512),
    description TEXT
);
success!
timestamp: 2013-01-17T20:48:42.282674
CREATE TABLE auth_cas(
    id INTEGER PRIMARY KEY AUTOINCREMENT,
    user_id INTEGER REFERENCES auth_user (id) ON DELETE CASCADE,
    created_on TIMESTAMP,
    service CHAR(512),
    ticket CHAR(512),
    renew CHAR(1)
);
success!
timestamp: 2013-01-17T21:02:25.720433
ALTER TABLE auth_user ADD username CHAR(128);
timestamp: 2013-01-17T21:12:25.411537
ALTER TABLE auth_user ADD bio TEXT;
timestamp: 2013-01-17T21:14:22.403114
ALTER TABLE auth_user ADD picture CHAR(512);
timestamp: 2013-01-17T21:18:23.283048
ALTER TABLE auth_user ADD newsletter CHAR(1);
timestamp: 2013-01-17T21:21:44.151947
ALTER TABLE auth_user ADD gender CHAR(512);
timestamp: 2013-01-17T22:03:34.839148
ALTER TABLE blog ADD modified_by INTEGER REFERENCES auth_user (id) ON DELETE CASCADE;
timestamp: 2013-01-17T22:03:35.018392
ALTER TABLE blog ADD is_active CHAR(1);
timestamp: 2013-01-17T22:03:35.206667
ALTER TABLE blog ADD created_by INTEGER REFERENCES auth_user (id) ON DELETE CASCADE;
timestamp: 2013-01-17T22:03:35.442150
ALTER TABLE blog ADD created_on TIMESTAMP;
timestamp: 2013-01-17T22:03:35.631723
ALTER TABLE blog ADD modified_on TIMESTAMP;
timestamp: 2013-01-17T22:03:35.791451
ALTER TABLE category ADD modified_by INTEGER REFERENCES auth_user (id) ON DELETE CASCADE;
timestamp: 2013-01-17T22:03:35.966798
ALTER TABLE category ADD is_active CHAR(1);
timestamp: 2013-01-17T22:03:36.132910
ALTER TABLE category ADD created_by INTEGER REFERENCES auth_user (id) ON DELETE CASCADE;
timestamp: 2013-01-17T22:03:36.355891
ALTER TABLE category ADD created_on TIMESTAMP;
timestamp: 2013-01-17T22:03:36.556369
ALTER TABLE category ADD modified_on TIMESTAMP;
timestamp: 2013-01-17T22:03:36.717619
ALTER TABLE post ADD is_active CHAR(1);
timestamp: 2013-01-17T22:03:36.923886
ALTER TABLE post ADD created_by INTEGER REFERENCES auth_user (id) ON DELETE CASCADE;
timestamp: 2013-01-17T22:03:37.103657
ALTER TABLE post ADD created_on TIMESTAMP;
timestamp: 2013-01-17T22:03:37.324817
ALTER TABLE post ADD modified_on TIMESTAMP;
timestamp: 2013-01-17T22:03:37.525533
ALTER TABLE post ADD modified_by INTEGER REFERENCES auth_user (id) ON DELETE CASCADE;
timestamp: 2013-01-31T20:16:25.456717
CREATE TABLE plugin_ckeditor_upload(
    id INTEGER PRIMARY KEY AUTOINCREMENT,
    title CHAR(255),
    filename CHAR(255),
    flength INTEGER,
    mime_type CHAR(128),
    upload CHAR(512)
);
success!
timestamp: 2013-01-31T20:50:30.190825
ALTER TABLE category ADD photo CHAR(512);
timestamp: 2013-01-31T20:53:37.335548
ALTER TABLE category ADD thumbnail CHAR(512);
timestamp: 2013-01-31T21:41:43.160822
CREATE TABLE web2py_session_blog(
    id INTEGER PRIMARY KEY AUTOINCREMENT,
    locked CHAR(1),
    client_ip CHAR(64),
    created_datetime TIMESTAMP,
    modified_datetime TIMESTAMP,
    unique_key CHAR(64),
    session_data BLOB
);
success!
